<?xml version="1.0" encoding="utf-8"?><testsuites name="pytest tests"><testsuite name="pytest" errors="0" failures="0" skipped="0" tests="19" time="13.731" timestamp="2026-04-14T14:02:33.157612+00:00" hostname="agent-env-674e33b3-f6ac-4f0c-9ab0-76420ca93d84"><testcase classname="backend.tests.test_phase2.TestFeedVotePersistence" name="test_feed_unauthenticated_no_my_vote" time="0.378" /><testcase classname="backend.tests.test_phase2.TestFeedVotePersistence" name="test_feed_authenticated_has_my_vote" time="0.813" /><testcase classname="backend.tests.test_phase2.TestFeedVotePersistence" name="test_feed_vote_persists_correctly" time="0.313" /><testcase classname="backend.tests.test_phase2.TestConsensus" name="test_get_consensus_unauthenticated" time="0.782" /><testcase classname="backend.tests.test_phase2.TestConsensus" name="test_endorse_requires_auth" time="0.522" /><testcase classname="backend.tests.test_phase2.TestConsensus" name="test_endorse_increments_count" time="1.056" /><testcase classname="backend.tests.test_phase2.TestConsensus" name="test_endorse_idempotent_returns_400" time="0.852" /><testcase classname="backend.tests.test_phase2.TestConsensus" name="test_consensus_status_labels" time="0.970" /><testcase classname="backend.tests.test_phase2.TestConsensus" name="test_feed_has_endorsement_count_for_consensus_posts" time="0.236" /><testcase classname="backend.tests.test_phase2.TestReportAndJury" name="test_report_requires_auth" time="0.300" /><testcase classname="backend.tests.test_phase2.TestReportAndJury" name="test_report_post_success" time="0.221" /><testcase classname="backend.tests.test_phase2.TestReportAndJury" name="test_report_duplicate_returns_400" time="1.417" /><testcase classname="backend.tests.test_phase2.TestReportAndJury" name="test_jury_triggers_at_threshold" time="1.377" /><testcase classname="backend.tests.test_phase2.TestReportAndJury" name="test_report_status_endpoint" time="0.378" /><testcase classname="backend.tests.test_phase2.TestReportAndJury" name="test_get_post_has_jury_fields" time="0.395" /><testcase classname="backend.tests.test_phase2.TestThreadPseudonym" name="test_thread_pseudonym_requires_auth" time="0.766" /><testcase classname="backend.tests.test_phase2.TestThreadPseudonym" name="test_thread_pseudonym_returns_deterministic_value" time="0.985" /><testcase classname="backend.tests.test_phase2.TestThreadPseudonym" name="test_thread_pseudonym_differs_across_posts" time="1.205" /><testcase classname="backend.tests.test_phase2.TestThreadPseudonym" name="test_thread_pseudonym_format" time="0.678" /></testsuite></testsuites>