<?xml version="1.0" encoding="utf-8"?><testsuites name="pytest tests"><testsuite name="pytest" errors="0" failures="0" skipped="0" tests="20" time="3.826" timestamp="2026-04-14T13:42:29.689779+00:00" hostname="agent-env-674e33b3-f6ac-4f0c-9ab0-76420ca93d84"><testcase classname="backend.tests.test_soxial.TestHealth" name="test_health" time="0.201" /><testcase classname="backend.tests.test_soxial.TestAuth" name="test_get_me_unauthenticated" time="0.106" /><testcase classname="backend.tests.test_soxial.TestAuth" name="test_create_session" time="0.202" /><testcase classname="backend.tests.test_soxial.TestAuth" name="test_get_me_authenticated" time="0.160" /><testcase classname="backend.tests.test_soxial.TestAuth" name="test_logout" time="0.232" /><testcase classname="backend.tests.test_soxial.TestCommunities" name="test_list_communities" time="0.107" /><testcase classname="backend.tests.test_soxial.TestCommunities" name="test_get_community" time="0.106" /><testcase classname="backend.tests.test_soxial.TestCommunities" name="test_get_community_not_found" time="0.145" /><testcase classname="backend.tests.test_soxial.TestFeed" name="test_get_feed" time="0.113" /><testcase classname="backend.tests.test_soxial.TestFeed" name="test_get_feed_with_community_filter" time="0.131" /><testcase classname="backend.tests.test_soxial.TestFeed" name="test_get_post" time="0.252" /><testcase classname="backend.tests.test_soxial.TestFeed" name="test_get_post_not_found" time="0.115" /><testcase classname="backend.tests.test_soxial.TestFeed" name="test_create_post_unauthenticated" time="0.099" /><testcase classname="backend.tests.test_soxial.TestFeed" name="test_create_post_authenticated" time="0.162" /><testcase classname="backend.tests.test_soxial.TestComments" name="test_get_comments" time="0.217" /><testcase classname="backend.tests.test_soxial.TestComments" name="test_create_comment_unauthenticated" time="0.265" /><testcase classname="backend.tests.test_soxial.TestComments" name="test_create_comment_authenticated" time="0.283" /><testcase classname="backend.tests.test_soxial.TestVoting" name="test_vote_unauthenticated" time="0.237" /><testcase classname="backend.tests.test_soxial.TestVoting" name="test_vote_authenticated" time="0.344" /><testcase classname="backend.tests.test_soxial.TestVoting" name="test_my_vote" time="0.260" /></testsuite></testsuites>